<?xml version="1.0" encoding="utf-8"?><testsuites name="pytest tests"><testsuite name="pytest" errors="0" failures="0" skipped="0" tests="38" time="42.174" timestamp="2026-07-31T10:54:38.822155+08:00" hostname="DESKTOP-HELQQ4E"><testcase classname="tests.stage1.test_contact_adhesion" name="test_tether_reference_opening_slip_and_force_are_zero" time="0.442" /><testcase classname="tests.stage1.test_contact_adhesion" name="test_tether_complete_force_directional_derivative_action_reaction_and_objectivity" time="0.004" /><testcase classname="tests.stage1.test_contact_adhesion" name="test_tension_only_compression_slack_has_no_normal_force" time="0.002" /><testcase classname="tests.stage1.test_contact_adhesion" name="test_closed_surface_signed_distance_disjoint_and_inside" time="0.003" /><testcase classname="tests.stage1.test_contact_adhesion" name="test_winding_accumulator_is_strictly_sequential_binary64" time="0.002" /><testcase classname="tests.stage1.test_contact_adhesion" name="test_steric_selected_piece_derivative_and_pair_balance" time="0.003" /><testcase classname="tests.stage1.test_contact_adhesion" name="test_disjoint_steric_energy_force_moment_zero" time="0.004" /><testcase classname="tests.stage1.test_contact_adhesion" name="test_ccd_rejects_transverse_crossing_and_allows_endpoint_tangency" time="0.008" /><testcase classname="tests.stage1.test_dcm_ecm" name="test_reference_passive_force_and_energy_are_zero" time="3.079" /><testcase classname="tests.stage1.test_dcm_ecm" name="test_cell_area_bending_volume_analytic_directional_derivatives" time="0.260" /><testcase classname="tests.stage1.test_dcm_ecm" name="test_cell_rigid_motion_objectivity" time="0.342" /><testcase classname="tests.stage1.test_dcm_ecm" name="test_ecm_force_matches_directional_derivative_on_one_tetra" time="0.003" /><testcase classname="tests.stage1.test_dcm_ecm" name="test_ecm_relaxation_preserves_symmetric_traceless_and_dissipates" time="0.002" /><testcase classname="tests.stage1.test_dcm_ecm" name="test_ecm_rejects_nonpositive_jacobian" time="0.002" /><testcase classname="tests.stage1.test_dcm_vectorized_equivalence" name="test_vectorized_hinges_match_sealed_scalar_kernel" time="0.338" /><testcase classname="tests.stage1.test_loads_ledger_guards" name="test_pressure_normal_wss_tangential_and_force_power_identity" time="0.004" /><testcase classname="tests.stage1.test_loads_ledger_guards" name="test_fixed_support_energy_force_derivative_and_dissipation" time="0.002" /><testcase classname="tests.stage1.test_loads_ledger_guards" name="test_zero_source_mapping_is_exact_and_nonzero_is_forbidden" time="0.002" /><testcase classname="tests.stage1.test_loads_ledger_guards" name="test_global_gauge_has_zero_rate_and_power" time="0.006" /><testcase classname="tests.stage1.test_loads_ledger_guards" name="test_ledger_nonnegative_dissipation_and_integrated_closure" time="0.001" /><testcase classname="tests.stage1.test_loads_ledger_guards" name="test_flow_sensor_has_no_mechanical_output" time="0.001" /><testcase classname="tests.stage1.test_loads_ledger_guards" name="test_active_full_patch_and_stage2_paths_are_blocked" time="0.001" /><testcase classname="tests.stage1.test_reference_bundle" name="test_frozen_v05_inputs_and_freeze_record_are_byte_exact" time="0.024" /><testcase classname="tests.stage1.test_reference_bundle" name="test_reference_bundle_hash_is_deterministic" time="15.208" /><testcase classname="tests.stage1.test_reference_bundle" name="test_mesh_counts_and_cell_geometry" time="0.030" /><testcase classname="tests.stage1.test_reference_bundle" name="test_face_identity_partition_and_floating_tie_symmetry" time="0.032" /><testcase classname="tests.stage1.test_reference_bundle" name="test_myocardial_anchors_are_hashed_nonempty_and_long" time="0.006" /><testcase classname="tests.stage1.test_reference_bundle" name="test_ecm_orientation_boundary_and_two_thickness_layers" time="0.029" /><testcase classname="tests.stage1.test_reference_bundle" name="test_tether_coverage_identity_and_reference_natural_state" time="0.007" /><testcase classname="tests.stage1.test_reference_bundle" name="test_source_map_unique_coverage_and_zero_owner_semantics" time="0.002" /><testcase classname="tests.stage1.test_reference_bundle" name="test_boundary_owner_exclusivity_and_gauge_weights" time="0.001" /><testcase classname="tests.stage1.test_reference_bundle" name="test_reference_cell_targets_are_exact" time="0.169" /><testcase classname="tests.stage1.test_reference_bundle" name="test_full_reference_seal_has_zero_steric_force_moment_and_intersection" time="21.407" /><testcase classname="tests.stage2.test_gate_a_activation" name="test_frozen_activation_envelope_nodes_and_rates" time="0.001" /><testcase classname="tests.stage2.test_gate_a_activation" name="test_active_force_matches_directional_derivative_and_internal_balance" time="0.014" /><testcase classname="tests.stage2.test_gate_a_activation" name="test_active_energy_force_and_transverse_metrics_are_rigid_objective" time="0.019" /><testcase classname="tests.stage2.test_gate_a_activation" name="test_active_input_power_has_frozen_positive_loading_sign" time="0.017" /><testcase classname="tests.stage2.test_gate_a_activation" name="test_a0_one_step_preserves_reference_exactly" time="0.588" /></testsuite></testsuites>