<?xml version="1.0" encoding="utf-8"?><testsuites name="pytest tests"><testsuite name="pytest" errors="0" failures="0" skipped="0" tests="10" time="0.944" timestamp="2026-07-31T10:00:22.462618+08:00" hostname="DESKTOP-HELQQ4E"><testcase classname="tests.stage0_v06.test_discretization_family" name="test_family_manifest_and_level_hashes_are_complete" time="0.508" /><testcase classname="tests.stage0_v06.test_discretization_family" name="test_base_reuses_all_v05_arrays_byte_exact" time="0.011" /><testcase classname="tests.stage0_v06.test_discretization_family" name="test_level_counts_watertightness_quality_and_positive_volume" time="0.107" /><testcase classname="tests.stage0_v06.test_discretization_family" name="test_ecm_counts_orientation_boundary_and_thickness" time="0.174" /><testcase classname="tests.stage0_v06.test_discretization_family" name="test_tether_coverage_identity_and_geometry_only_ceiling" time="0.044" /><testcase classname="tests.stage0_v06.test_discretization_family" name="test_anchor_source_owner_and_gauge_coverage" time="0.027" /><testcase classname="tests.stage0_v06.test_discretization_family" name="test_deterministic_replay_evidence_passes_all_levels" time="0.001" /><testcase classname="tests.stage0_v06.test_discretization_family" name="test_v06_contract_cross_references_authority_and_family_hashes" time="0.012" /><testcase classname="tests.stage0_v06.test_discretization_family" name="test_v06_preserves_the_v05_mechanical_contract_and_parameters" time="0.003" /><testcase classname="tests.stage0_v06.test_discretization_family" name="test_v06_registry_closes_only_the_discretization_preregistration_gap" time="0.003" /></testsuite></testsuites>