<?xml version="1.0" encoding="utf-8"?><testsuites name="pytest tests"><testsuite name="pytest" errors="0" failures="0" skipped="0" tests="14" time="0.919" timestamp="2026-08-01T14:24:19.472947+08:00" hostname="DESKTOP-HELQQ4E"><testcase classname="tests.hybrid.test_cell_ecm_vertical_slice" name="test_remeshing_preserves_cell_ecm_tether_response" time="0.598" /><testcase classname="tests.hybrid.test_cell_ecm_vertical_slice" name="test_vertical_slice_pair_force_and_moment_are_balanced" time="0.004" /><testcase classname="tests.hybrid.test_cell_ecm_vertical_slice" name="test_vertical_slice_force_matches_total_energy_directional_derivative" time="0.006" /><testcase classname="tests.hybrid.test_cell_ecm_vertical_slice" name="test_vertical_slice_prescribed_motion_closes_power_ledger" time="0.206" /><testcase classname="tests.hybrid.test_cell_ecm_vertical_slice" name="test_vertical_slice_rejects_an_open_cell_surface" time="0.002" /><testcase classname="tests.hybrid.test_cell_ecm_vertical_slice" name="test_vertical_slice_fails_fast_on_cell_ecm_penetration" time="0.003" /><testcase classname="tests.hybrid.test_myocardial_remesh" name="test_edge_swap_preserves_myocardial_material_semantics" time="0.004" /><testcase classname="tests.hybrid.test_myocardial_remesh" name="test_edge_split_preserves_myocardial_material_semantics" time="0.004" /><testcase classname="tests.hybrid.test_myocardial_remesh" name="test_edge_merge_preserves_myocardial_material_semantics" time="0.006" /><testcase classname="tests.hybrid.test_myocardial_remesh" name="test_remesh_event_rejects_nonmonotone_revision" time="0.001" /><testcase classname="tests.hybrid.test_remesh_registry" name="test_material_state_survives_edge_swap" time="0.004" /><testcase classname="tests.hybrid.test_remesh_registry" name="test_material_state_survives_edge_split" time="0.003" /><testcase classname="tests.hybrid.test_remesh_registry" name="test_force_scatter_preserves_resultant_and_moment_after_swap" time="0.004" /><testcase classname="tests.hybrid.test_remesh_registry" name="test_rebind_fails_if_geometry_moves_outside_frozen_distance" time="0.002" /></testsuite></testsuites>